<?xml version="1.0" encoding="UTF-8"?>
<!-- Generated by org.testng.reporters.JUnitReportReporter -->
<testsuite hostname="LAPTOP-7VII1ULP" failures="0" tests="6" name="annotationDemo.GroupingExample" time="0.014" errors="0" timestamp="2023-11-04T10:52:59 IST" skipped="0">
  <testcase classname="annotationDemo.GroupingExample" name="m4" time="0.001"/>
  <system-out/>
  <testcase classname="annotationDemo.GroupingExample" name="m2" time="0.002"/>
  <system-out/>
  <testcase classname="annotationDemo.GroupingExample" name="m3" time="0.001"/>
  <system-out/>
  <testcase classname="annotationDemo.GroupingExample" name="m6" time="0.001"/>
  <system-out/>
  <testcase classname="annotationDemo.GroupingExample" name="m1" time="0.008"/>
  <system-out/>
  <testcase classname="annotationDemo.GroupingExample" name="m5" time="0.001"/>
  <system-out/>
</testsuite> <!-- annotationDemo.GroupingExample -->
