<?xml version="1.0" encoding="UTF-8"?>
<!-- Generated by org.testng.reporters.JUnitReportReporter -->
<testsuite hostname="LAPTOP-7VII1ULP" failures="0" tests="5" name="annotationDemo.DataProviderExample" time="37.260" errors="0" timestamp="2023-11-03T10:09:42 IST" skipped="1">
  <testcase classname="annotationDemo.DataProviderExample" name="launchURL" time="36.689"/>
  <system-out/>
  <testcase classname="annotationDemo.DataProviderExample" name="enterValue" time="0.171"/>
  <system-out/>
  <testcase classname="annotationDemo.DataProviderExample" name="enterValue" time="0.165"/>
  <system-out/>
  <testcase classname="annotationDemo.DataProviderExample" name="enterValue" time="0.235"/>
  <system-out/>
  <testcase classname="annotationDemo.DataProviderExample" name="teardown">
    <skipped/>
  </testcase> <!-- teardown -->
  <system-out/>
</testsuite> <!-- annotationDemo.DataProviderExample -->
