<?xml version="1.0" encoding="UTF-8"?>
<!-- Generated by org.testng.reporters.JUnitReportReporter -->
<testsuite hostname="LAPTOP-7VII1ULP" failures="0" tests="3" name="extentReport.ReportsExample" time="0.028" errors="0" timestamp="2023-11-07T09:36:51 IST" skipped="0">
  <testcase classname="extentReport.ReportsExample" name="productpage" time="0.004"/>
  <system-out/>
  <testcase classname="extentReport.ReportsExample" name="signIn" time="0.001"/>
  <system-out/>
  <testcase classname="extentReport.ReportsExample" name="Homepage" time="0.023"/>
  <system-out/>
</testsuite> <!-- extentReport.ReportsExample -->
