<?xml version="1.0" encoding="UTF-8"?>
<!-- Generated by org.testng.reporters.JUnitReportReporter -->
<testsuite hostname="LAPTOP-7VII1ULP" failures="0" tests="3" name="annotationDemo.NewTest" time="0.015" errors="0" timestamp="2023-11-02T10:43:43 IST" skipped="0">
  <testcase classname="annotationDemo.NewTest" name="test1" time="0.008"/>
  <system-out/>
  <testcase classname="annotationDemo.NewTest" name="test2" time="0.005"/>
  <system-out/>
  <testcase classname="annotationDemo.NewTest" name="test3" time="0.002"/>
  <system-out/>
</testsuite> <!-- annotationDemo.NewTest -->
