<?xml version="1.0" encoding="UTF-8"?>
<!-- Generated by org.testng.reporters.JUnitReportReporter -->
<testsuite hostname="LAPTOP-7VII1ULP" failures="0" tests="1" name="baseClass.MyExcelReader" time="1.178" errors="0" timestamp="2023-11-08T09:49:56 IST" skipped="0">
  <testcase classname="baseClass.MyExcelReader" name="getDataFromExcel" time="1.178"/>
  <system-out/>
</testsuite> <!-- baseClass.MyExcelReader -->
