<?xml version="1.0" encoding="UTF-8"?>
<!-- Generated by org.testng.reporters.JUnitReportReporter -->
<testsuite hostname="LAPTOP-7VII1ULP" failures="0" tests="1" name="annotationDemo.ExcelDataExample" time="145.701" errors="0" timestamp="2023-11-08T10:29:40 IST" skipped="0">
  <testcase classname="annotationDemo.ExcelDataExample" name="geturl" time="145.701"/>
  <system-out/>
</testsuite> <!-- annotationDemo.ExcelDataExample -->
