<?xml version="1.0" encoding="UTF-8"?>
<!-- Generated by org.testng.reporters.JUnitReportReporter -->
<testsuite hostname="LAPTOP-7VII1ULP" failures="0" tests="2" name="extentReport.AddScreenshotToExtent" time="17.875" errors="0" timestamp="2023-11-07T10:20:37 IST" skipped="0">
  <testcase classname="extentReport.AddScreenshotToExtent" name="validateTitle" time="0.025"/>
  <system-out/>
  <testcase classname="extentReport.AddScreenshotToExtent" name="checkImageLink" time="17.850"/>
  <system-out/>
</testsuite> <!-- extentReport.AddScreenshotToExtent -->
