<?xml version="1.0" encoding="UTF-8"?>
<!-- Generated by org.testng.reporters.JUnitReportReporter -->
<testsuite hostname="LAPTOP-7VII1ULP" failures="0" tests="3" name="annotationDemo.DataDriven_Parameter" time="28.943" errors="0" timestamp="2023-11-07T09:18:11 IST" skipped="0">
  <testcase classname="annotationDemo.DataDriven_Parameter" name="launchURL" time="19.583"/>
  <system-out/>
  <testcase classname="annotationDemo.DataDriven_Parameter" name="enterValue" time="6.607"/>
  <system-out/>
  <testcase classname="annotationDemo.DataDriven_Parameter" name="teardown" time="2.753"/>
  <system-out/>
</testsuite> <!-- annotationDemo.DataDriven_Parameter -->
