<?xml version="1.0" encoding="UTF-8"?>
<!-- Generated by org.testng.reporters.JUnitReportReporter -->
<testsuite hostname="LAPTOP-7VII1ULP" failures="0" tests="3" name="annotationDemo.AnnotationExample" time="0.006" errors="0" timestamp="2023-11-03T09:06:10 IST" skipped="0">
  <testcase classname="annotationDemo.AnnotationExample" name="test3" time="0.003"/>
  <system-out/>
  <testcase classname="annotationDemo.AnnotationExample" name="test1" time="0.001"/>
  <system-out/>
  <testcase classname="annotationDemo.AnnotationExample" name="test2" time="0.002"/>
  <system-out/>
</testsuite> <!-- annotationDemo.AnnotationExample -->
