<?xml version="1.0" encoding="UTF-8"?>
<!-- Generated by org.testng.reporters.JUnitReportReporter -->
<testsuite hostname="LAPTOP-7VII1ULP" failures="0" tests="3" name="annotationDemo.DataFromExcel" time="15.937" errors="0" timestamp="2023-11-07T15:30:43 IST" skipped="0">
  <testcase classname="annotationDemo.DataFromExcel" name="login" time="2.488"/>
  <system-out/>
  <testcase classname="annotationDemo.DataFromExcel" name="login" time="13.286"/>
  <system-out/>
  <testcase classname="annotationDemo.DataFromExcel" name="login" time="0.163"/>
  <system-out/>
</testsuite> <!-- annotationDemo.DataFromExcel -->
