<?xml version="1.0" encoding="UTF-8"?>
<!-- Generated by org.testng.reporters.JUnitReportReporter -->
<testsuite hostname="LAPTOP-7VII1ULP" failures="0" tests="1" name="annotationDemo.LoginUsingBasetest" time="29.820" errors="0" timestamp="2023-11-03T11:14:48 IST" skipped="0">
  <testcase classname="annotationDemo.LoginUsingBasetest" name="launchURL" time="29.820"/>
  <system-out/>
</testsuite> <!-- annotationDemo.LoginUsingBasetest -->
